c:\cpp\native-animation-framework\f4se-plugin\naficator\x64\release\xmlfile.obj
c:\cpp\native-animation-framework\f4se-plugin\naficator\x64\release\overlay.obj
c:\cpp\native-animation-framework\f4se-plugin\naficator\x64\release\threadpool.obj
c:\cpp\native-animation-framework\f4se-plugin\naficator\x64\release\protectedequipment.obj
c:\cpp\native-animation-framework\f4se-plugin\naficator\x64\release\ini.obj
c:\cpp\native-animation-framework\f4se-plugin\naficator\x64\release\action.obj
c:\cpp\native-animation-framework\f4se-plugin\naficator\x64\release\naficate.obj
c:\cpp\native-animation-framework\f4se-plugin\naficator\x64\release\mfgset.obj
c:\cpp\native-animation-framework\f4se-plugin\naficator\x64\release\tag.obj
c:\cpp\native-animation-framework\f4se-plugin\naficator\x64\release\conditionset.obj
c:\cpp\native-animation-framework\f4se-plugin\naficator\x64\release\equipmentset.obj
c:\cpp\native-animation-framework\f4se-plugin\naficator\x64\release\position.obj
c:\cpp\native-animation-framework\f4se-plugin\naficator\x64\release\positiontree.obj
c:\cpp\native-animation-framework\f4se-plugin\naficator\x64\release\animationgroup.obj
c:\cpp\native-animation-framework\f4se-plugin\naficator\x64\release\parsedobject.obj
c:\cpp\native-animation-framework\f4se-plugin\naficator\x64\release\pugixml.obj
c:\cpp\native-animation-framework\f4se-plugin\naficator\x64\release\form.obj
c:\cpp\native-animation-framework\f4se-plugin\naficator\x64\release\race.obj
c:\cpp\native-animation-framework\f4se-plugin\naficator\x64\release\furniture.obj
c:\cpp\native-animation-framework\f4se-plugin\naficator\x64\release\naficator_main.obj
c:\cpp\native-animation-framework\f4se-plugin\naficator\x64\release\utility.obj
c:\cpp\native-animation-framework\f4se-plugin\naficator\x64\release\morphset.obj
c:\cpp\native-animation-framework\f4se-plugin\naficator\x64\release\animation.obj
c:\cpp\native-animation-framework\f4se-plugin\naficator\x64\release\objects_map.obj
c:\cpp\native-animation-framework\f4se-plugin\naficator\x64\release\vc143.pdb
c:\cpp\native-animation-framework\f4se-plugin\naficator\x64\release\naficator.tlog\cl.10024.write.1.tlog
c:\cpp\native-animation-framework\f4se-plugin\naficator\x64\release\naficator.tlog\cl.command.1.tlog
c:\cpp\native-animation-framework\f4se-plugin\naficator\x64\release\naficator.tlog\cl.read.1.tlog
c:\cpp\native-animation-framework\f4se-plugin\naficator\x64\release\naficator.tlog\link.command.1.tlog
c:\cpp\native-animation-framework\f4se-plugin\naficator\x64\release\naficator.tlog\link.read.1.tlog
c:\cpp\native-animation-framework\f4se-plugin\naficator\x64\release\naficator.tlog\link.write.1.tlog
