  The vcpkg manifest was disabled, but we found a manifest file in C:\cpp\Native-Animation-Framework\f4se-plugin\. You may want to enable vcpkg manifests in your properties page or pass /p:VcpkgEnableManifest=true to the msbuild invocation.
  Form.cpp
  NAFicate.cpp
  NAFicator_main.cpp
  Action.cpp
  Animation.cpp
  AnimationGroup.cpp
  ConditionSet.cpp
  EquipmentSet.cpp
  Furniture.cpp
  MfgSet.cpp
  MorphSet.cpp
  Overlay.cpp
  ParsedObject.cpp
  Position.cpp
  PositionTree.cpp
  ProtectedEquipment.cpp
  Race.cpp
  Tag.cpp
  XMLFile.cpp
     Creating library C:\cpp\Native-Animation-Framework\f4se-plugin\build\x64\Release\NAFicator.lib and object C:\cpp\Native-Animation-Framework\f4se-plugin\build\x64\Release\NAFicator.exp
  Generating code
  Previous IPDB not found, fall back to full compilation.
  All 12708 functions were compiled because no usable IPDB/IOBJ from previous compilation was found.
  Finished generating code
  NAFicator.vcxproj -> C:\cpp\Native-Animation-Framework\f4se-plugin\build\x64\Release\NAFicator.dll
